<?xml version="1.0" encoding="UTF-8"?>
<!-- Generated by org.testng.reporters.JUnitReportReporter -->
<testsuite hostname="LAPTOP-IA2JS334" failures="0" tests="1" name="com.mine.MainTest2" time="1.976" errors="0" timestamp="2025-05-26T08:22:35 IST" skipped="0">
  <testcase classname="com.mine.MainTest2" name="testfirstMethod" time="1.976"/>
</testsuite> <!-- com.mine.MainTest2 -->
